<?xml version="1.0" encoding="UTF-8"?>
<testsuite xmlns:xsi="http://www.w3.org/2001/XMLSchema-instance" xsi:noNamespaceSchemaLocation="https://maven.apache.org/surefire/maven-surefire-plugin/xsd/surefire-test-report-3.0.xsd" version="3.0" name="TodolistServiceTest" time="0.119" tests="8" errors="0" skipped="0" failures="0">
  <properties>
[...]
</properties>
  <testcase name="testUpdateTaskWithInvalidTitleThrowsException" classname="TodolistServiceTest" time="0.038"/>
  <testcase name="testGetTasks" classname="TodolistServiceTest" time="0.008"/>
  <testcase name="testAddTask" classname="TodolistServiceTest" time="0.006"/>
  <testcase name="testUpdateTask" classname="TodolistServiceTest" time="0.0"/>
  <testcase name="testMarkTaskCompleted" classname="TodolistServiceTest" time="0.005"/>
  <testcase name="testAddTaskWithInvalidTitleThrowsException" classname="TodolistServiceTest" time="0.0"/>
  <testcase name="testDeleteTask" classname="TodolistServiceTest" time="0.006"/>
  <testcase name="testGetTasksByStatus" classname="TodolistServiceTest" time="0.007"/>
</testsuite>